<?xml version="1.0" encoding="UTF-8"?>
<!-- Generated by org.testng.reporters.JUnitReportReporter -->
<testsuite skipped="1" hostname="manjunathspc" name="WH.Upp_Login" tests="1" failures="0" timestamp="20 Jan 2020 12:43:42 GMT" time="0.000" errors="0">
  <testcase name="UPP" time="0.000" classname="WH.Upp_Login">
    <skipped/>
  </testcase> <!-- UPP -->
</testsuite> <!-- WH.Upp_Login -->
