<?xml version="1.0" encoding="UTF-8"?>
<!-- Generated by org.testng.reporters.JUnitReportReporter -->
<testsuite skipped="0" hostname="manjunathspc" name="WH.CustomerCareLogin" tests="1" failures="0" timestamp="22 Jan 2020 08:01:11 GMT" time="1121.100" errors="0">
  <testcase name="customercare" time="1121.100" classname="WH.CustomerCareLogin"/>
</testsuite> <!-- WH.CustomerCareLogin -->
