<?xml version="1.0" encoding="UTF-8"?>
<!-- Generated by org.testng.reporters.JUnitReportReporter -->
<testsuite skipped="0" hostname="manjunathspc" name="WH.CustomerCareLogin" tests="1" failures="0" timestamp="28 Nov 2019 13:03:24 GMT" time="1060.750" errors="0">
  <testcase name="customercare" time="1060.750" classname="WH.CustomerCareLogin"/>
</testsuite> <!-- WH.CustomerCareLogin -->
