<?xml version="1.0" encoding="UTF-8"?>
<!-- Generated by org.testng.reporters.JUnitReportReporter -->
<testsuite skipped="1" hostname="manjunathspc" name="pages.Extras" tests="2" failures="0" timestamp="20 Jan 2020 12:43:42 GMT" time="6.525" errors="1">
  <testcase name="verify" time="0.000" classname="pages.Extras">
    <skipped/>
  </testcase> <!-- verify -->
  <testcase name="open" time="6.525" classname="pages.Extras">
    <error type="org.openqa.selenium.SessionNotCreatedException" message="session not created: This version of ChromeDriver only supports Chrome version 77
Build info: version: &#039;3.8.1&#039;, revision: &#039;6e95a6684b&#039;, time: &#039;2017-12-01T18:33:54.468Z&#039;
System info: host: &#039;MANJUNATHSPC&#039;, ip: &#039;10.91.11.101&#039;, os.name: &#039;Windows 10&#039;, os.arch: &#039;amd64&#039;, os.version: &#039;10.0&#039;, java.version: &#039;1.8.0_221&#039;
Driver info: driver.version: ChromeDriver
remote stacktrace: Backtrace:
	Ordinal0 [0x00E6EB13+1501971]
	Ordinal0 [0x00DEF6D1+980689]
	Ordinal0 [0x00D7765F+489055]
	Ordinal0 [0x00D0F2F4+62196]
	Ordinal0 [0x00D0BCDA+48346]
	Ordinal0 [0x00D29800+169984]
	Ordinal0 [0x00D2942D+169005]
	Ordinal0 [0x00D278EB+162027]
	Ordinal0 [0x00D10AC7+68295]
	Ordinal0 [0x00D11B40+72512]
	Ordinal0 [0x00D11AD9+72409]
	Ordinal0 [0x00E08F37+1085239]
	GetHandleVerifier [0x00F0D7ED+503293]
	GetHandleVerifier [0x00F0D580+502672]
	GetHandleVerifier [0x00F146AC+531644]
	GetHandleVerifier [0x00F0DFFA+505354]
	Ordinal0 [0x00E00606+1050118]
	Ordinal0 [0x00E0047F+1049727]
	Ordinal0 [0x00E0AF9B+1093531]
	Ordinal0 [0x00E0B103+1093891]
	Ordinal0 [0x00E0A095+1089685]
	BaseThreadInitThunk [0x74EB6359+25]
	RtlGetAppContainerNamedObjectPath [0x77717B74+228]
	RtlGetAppContainerNamedObjectPath [0x77717B44+180]
">
      <![CDATA[org.openqa.selenium.SessionNotCreatedException: session not created: This version of ChromeDriver only supports Chrome version 77
Build info: version: '3.8.1', revision: '6e95a6684b', time: '2017-12-01T18:33:54.468Z'
System info: host: 'MANJUNATHSPC', ip: '10.91.11.101', os.name: 'Windows 10', os.arch: 'amd64', os.version: '10.0', java.version: '1.8.0_221'
Driver info: driver.version: ChromeDriver
remote stacktrace: Backtrace:
Ordinal0 [0x00E6EB13+1501971]
Ordinal0 [0x00DEF6D1+980689]
Ordinal0 [0x00D7765F+489055]
Ordinal0 [0x00D0F2F4+62196]
Ordinal0 [0x00D0BCDA+48346]
Ordinal0 [0x00D29800+169984]
Ordinal0 [0x00D2942D+169005]
Ordinal0 [0x00D278EB+162027]
Ordinal0 [0x00D10AC7+68295]
Ordinal0 [0x00D11B40+72512]
Ordinal0 [0x00D11AD9+72409]
Ordinal0 [0x00E08F37+1085239]
GetHandleVerifier [0x00F0D7ED+503293]
GetHandleVerifier [0x00F0D580+502672]
GetHandleVerifier [0x00F146AC+531644]
GetHandleVerifier [0x00F0DFFA+505354]
Ordinal0 [0x00E00606+1050118]
Ordinal0 [0x00E0047F+1049727]
Ordinal0 [0x00E0AF9B+1093531]
Ordinal0 [0x00E0B103+1093891]
Ordinal0 [0x00E0A095+1089685]
BaseThreadInitThunk [0x74EB6359+25]
RtlGetAppContainerNamedObjectPath [0x77717B74+228]
RtlGetAppContainerNamedObjectPath [0x77717B44+180]

at sun.reflect.NativeConstructorAccessorImpl.newInstance0(Native Method)
at sun.reflect.NativeConstructorAccessorImpl.newInstance(Unknown Source)
at sun.reflect.DelegatingConstructorAccessorImpl.newInstance(Unknown Source)
at java.lang.reflect.Constructor.newInstance(Unknown Source)
at org.openqa.selenium.remote.W3CHandshakeResponse.lambda$new$0(W3CHandshakeResponse.java:57)
at org.openqa.selenium.remote.W3CHandshakeResponse.lambda$getResponseFunction$2(W3CHandshakeResponse.java:104)
at org.openqa.selenium.remote.ProtocolHandshake.lambda$createSession$0(ProtocolHandshake.java:123)
at java.util.stream.ReferencePipeline$3$1.accept(Unknown Source)
at java.util.Spliterators$ArraySpliterator.tryAdvance(Unknown Source)
at java.util.stream.ReferencePipeline.forEachWithCancel(Unknown Source)
at java.util.stream.AbstractPipeline.copyIntoWithCancel(Unknown Source)
at java.util.stream.AbstractPipeline.copyInto(Unknown Source)
at java.util.stream.AbstractPipeline.wrapAndCopyInto(Unknown Source)
at java.util.stream.FindOps$FindOp.evaluateSequential(Unknown Source)
at java.util.stream.AbstractPipeline.evaluate(Unknown Source)
at java.util.stream.ReferencePipeline.findFirst(Unknown Source)
at org.openqa.selenium.remote.ProtocolHandshake.createSession(ProtocolHandshake.java:126)
at org.openqa.selenium.remote.ProtocolHandshake.createSession(ProtocolHandshake.java:73)
at org.openqa.selenium.remote.HttpCommandExecutor.execute(HttpCommandExecutor.java:142)
at org.openqa.selenium.remote.service.DriverCommandExecutor.execute(DriverCommandExecutor.java:83)
at org.openqa.selenium.remote.RemoteWebDriver.execute(RemoteWebDriver.java:601)
at org.openqa.selenium.remote.RemoteWebDriver.startSession(RemoteWebDriver.java:219)
at org.openqa.selenium.remote.RemoteWebDriver.<init>(RemoteWebDriver.java:142)
at org.openqa.selenium.chrome.ChromeDriver.<init>(ChromeDriver.java:181)
at org.openqa.selenium.chrome.ChromeDriver.<init>(ChromeDriver.java:168)
at org.openqa.selenium.chrome.ChromeDriver.<init>(ChromeDriver.java:157)
at pages.Extras.open(Extras.java:29)
at sun.reflect.NativeMethodAccessorImpl.invoke0(Native Method)
at sun.reflect.NativeMethodAccessorImpl.invoke(Unknown Source)
at sun.reflect.DelegatingMethodAccessorImpl.invoke(Unknown Source)
at java.lang.reflect.Method.invoke(Unknown Source)
at org.testng.internal.MethodInvocationHelper.invokeMethod(MethodInvocationHelper.java:124)
at org.testng.internal.MethodInvocationHelper.invokeMethodConsideringTimeout(MethodInvocationHelper.java:59)
at org.testng.internal.Invoker.invokeConfigurationMethod(Invoker.java:458)
at org.testng.internal.Invoker.invokeConfigurations(Invoker.java:222)
at org.testng.internal.Invoker.invokeConfigurations(Invoker.java:142)
at org.testng.TestRunner.beforeRun(TestRunner.java:529)
at org.testng.TestRunner.run(TestRunner.java:497)
at org.testng.SuiteRunner.runTest(SuiteRunner.java:455)
at org.testng.SuiteRunner.access$000(SuiteRunner.java:40)
at org.testng.SuiteRunner$SuiteWorker.run(SuiteRunner.java:489)
at org.testng.internal.thread.ThreadUtil$1.call(ThreadUtil.java:52)
at java.util.concurrent.FutureTask.run(Unknown Source)
at java.util.concurrent.ThreadPoolExecutor.runWorker(Unknown Source)
at java.util.concurrent.ThreadPoolExecutor$Worker.run(Unknown Source)
at java.lang.Thread.run(Unknown Source)
]]>
    </error>
  </testcase> <!-- open -->
</testsuite> <!-- pages.Extras -->
