<?xml version="1.0" encoding="UTF-8"?>
<!-- Generated by org.testng.reporters.JUnitReportReporter -->
<testsuite skipped="0" hostname="manjunathspc" name="WH.WH_AhmedabadLogin" tests="1" failures="0" timestamp="22 Jan 2020 06:39:54 GMT" time="704.052" errors="0">
  <testcase name="AhmedabadWarehouseflow" time="704.052" classname="WH.WH_AhmedabadLogin"/>
</testsuite> <!-- WH.WH_AhmedabadLogin -->
