<?xml version="1.0" encoding="UTF-8"?>
<!-- Generated by org.testng.reporters.JUnitReportReporter -->
<testsuite skipped="0" hostname="manjunathspc" name="WH.WH_BangaloreLogin" tests="1" failures="0" timestamp="22 Jan 2020 12:52:18 GMT" time="880.008" errors="0">
  <testcase name="BangaloreWarehouseflow" time="880.008" classname="WH.WH_BangaloreLogin"/>
</testsuite> <!-- WH.WH_BangaloreLogin -->
