<?xml version="1.0" encoding="UTF-8"?>
<!-- Generated by org.testng.reporters.JUnitReportReporter -->
<testsuite skipped="0" hostname="manjunathspc" name="WH.SuperAdminLogin" tests="1" failures="0" timestamp="16 Jan 2020 07:17:04 GMT" time="4898.975" errors="0">
  <testcase name="SuperAdminflow" time="4898.975" classname="WH.SuperAdminLogin"/>
</testsuite> <!-- WH.SuperAdminLogin -->
