<?xml version="1.0" encoding="UTF-8"?>
<!-- Generated by org.testng.reporters.JUnitReportReporter -->
<testsuite skipped="0" hostname="manjunathspc" name="WH.CommonLogin" tests="1" failures="0" timestamp="16 Jan 2020 07:17:04 GMT" time="75.909" errors="0">
  <testcase name="commonflow" time="75.909" classname="WH.CommonLogin"/>
</testsuite> <!-- WH.CommonLogin -->
