<?xml version="1.0" encoding="UTF-8"?>
<!-- Generated by org.testng.reporters.JUnitReportReporter -->
<testsuite skipped="0" hostname="manjunathspc" name="WH.EscalationMailPage" tests="1" failures="0" timestamp="23 Jan 2020 07:27:31 GMT" time="97.804" errors="0">
  <testcase name="VerifyEscalaionDaywideCount" time="97.804" classname="WH.EscalationMailPage"/>
</testsuite> <!-- WH.EscalationMailPage -->
