<?xml version="1.0" encoding="UTF-8"?>
<!-- Generated by org.testng.reporters.JUnitReportReporter -->
<testsuite skipped="0" hostname="manjunathspc" name="Admin.AdminLogin" tests="1" failures="0" timestamp="13 May 2019 10:53:09 GMT" time="57.791" errors="0">
  <testcase name="adminflow" time="57.791" classname="Admin.AdminLogin"/>
</testsuite> <!-- Admin.AdminLogin -->
