<?xml version="1.0" encoding="UTF-8"?>
<!-- Generated by org.testng.reporters.JUnitReportReporter -->
<testsuite skipped="0" hostname="manjunathspc" name="WH.SuperAdminLogin" tests="1" failures="0" timestamp="22 Jan 2020 14:23:39 GMT" time="33.023" errors="0">
  <testcase name="SuperAdminflow" time="33.023" classname="WH.SuperAdminLogin"/>
</testsuite> <!-- WH.SuperAdminLogin -->
